Determining if the pthread_create exist failed with the following output:
Change Dir: /u4/l236wang/cs488/shared/glfw-3.1.1/build/CMakeFiles/CMakeTmp

Run Build Command:/usr/bin/make "cmTryCompileExec1271092084/fast"
/usr/bin/make -f CMakeFiles/cmTryCompileExec1271092084.dir/build.make CMakeFiles/cmTryCompileExec1271092084.dir/build
make[1]: Entering directory `/u4/l236wang/cs488/shared/glfw-3.1.1/build/CMakeFiles/CMakeTmp'
/usr/bin/cmake -E cmake_progress_report /u4/l236wang/cs488/shared/glfw-3.1.1/build/CMakeFiles/CMakeTmp/CMakeFiles 1
Building C object CMakeFiles/cmTryCompileExec1271092084.dir/CheckSymbolExists.c.o
/usr/bin/cc    -o CMakeFiles/cmTryCompileExec1271092084.dir/CheckSymbolExists.c.o   -c /u4/l236wang/cs488/shared/glfw-3.1.1/build/CMakeFiles/CMakeTmp/CheckSymbolExists.c
Linking C executable cmTryCompileExec1271092084
/usr/bin/cmake -E cmake_link_script CMakeFiles/cmTryCompileExec1271092084.dir/link.txt --verbose=1
/usr/bin/cc       CMakeFiles/cmTryCompileExec1271092084.dir/CheckSymbolExists.c.o  -o cmTryCompileExec1271092084 -rdynamic 
CMakeFiles/cmTryCompileExec1271092084.dir/CheckSymbolExists.c.o: In function `main':
CheckSymbolExists.c:(.text+0x16): undefined reference to `pthread_create'
collect2: error: ld returned 1 exit status
make[1]: *** [cmTryCompileExec1271092084] Error 1
make[1]: Leaving directory `/u4/l236wang/cs488/shared/glfw-3.1.1/build/CMakeFiles/CMakeTmp'
make: *** [cmTryCompileExec1271092084/fast] Error 2

File /u4/l236wang/cs488/shared/glfw-3.1.1/build/CMakeFiles/CMakeTmp/CheckSymbolExists.c:
/* */
#include <pthread.h>

int main(int argc, char** argv)
{
  (void)argv;
#ifndef pthread_create
  return ((int*)(&pthread_create))[argc];
#else
  (void)argc;
  return 0;
#endif
}

Determining if the function pthread_create exists in the pthreads failed with the following output:
Change Dir: /u4/l236wang/cs488/shared/glfw-3.1.1/build/CMakeFiles/CMakeTmp

Run Build Command:/usr/bin/make "cmTryCompileExec2917598867/fast"
/usr/bin/make -f CMakeFiles/cmTryCompileExec2917598867.dir/build.make CMakeFiles/cmTryCompileExec2917598867.dir/build
make[1]: Entering directory `/u4/l236wang/cs488/shared/glfw-3.1.1/build/CMakeFiles/CMakeTmp'
/usr/bin/cmake -E cmake_progress_report /u4/l236wang/cs488/shared/glfw-3.1.1/build/CMakeFiles/CMakeTmp/CMakeFiles 1
Building C object CMakeFiles/cmTryCompileExec2917598867.dir/CheckFunctionExists.c.o
/usr/bin/cc   -DCHECK_FUNCTION_EXISTS=pthread_create   -o CMakeFiles/cmTryCompileExec2917598867.dir/CheckFunctionExists.c.o   -c /usr/share/cmake-2.8/Modules/CheckFunctionExists.c
Linking C executable cmTryCompileExec2917598867
/usr/bin/cmake -E cmake_link_script CMakeFiles/cmTryCompileExec2917598867.dir/link.txt --verbose=1
/usr/bin/cc   -DCHECK_FUNCTION_EXISTS=pthread_create    CMakeFiles/cmTryCompileExec2917598867.dir/CheckFunctionExists.c.o  -o cmTryCompileExec2917598867 -rdynamic -lpthreads 
/usr/bin/ld: cannot find -lpthreads
collect2: error: ld returned 1 exit status
make[1]: Leaving directory `/u4/l236wang/cs488/shared/glfw-3.1.1/build/CMakeFiles/CMakeTmp'
make[1]: *** [cmTryCompileExec2917598867] Error 1
make: *** [cmTryCompileExec2917598867/fast] Error 2


Determining if the function glXGetProcAddressEXT exists failed with the following output:
Change Dir: /u4/l236wang/cs488/shared/glfw-3.1.1/build/CMakeFiles/CMakeTmp

Run Build Command:/usr/bin/make "cmTryCompileExec3824175732/fast"
/usr/bin/make -f CMakeFiles/cmTryCompileExec3824175732.dir/build.make CMakeFiles/cmTryCompileExec3824175732.dir/build
make[1]: Entering directory `/u4/l236wang/cs488/shared/glfw-3.1.1/build/CMakeFiles/CMakeTmp'
/usr/bin/cmake -E cmake_progress_report /u4/l236wang/cs488/shared/glfw-3.1.1/build/CMakeFiles/CMakeTmp/CMakeFiles 1
Building C object CMakeFiles/cmTryCompileExec3824175732.dir/CheckFunctionExists.c.o
/usr/bin/cc   -DCHECK_FUNCTION_EXISTS=glXGetProcAddressEXT   -o CMakeFiles/cmTryCompileExec3824175732.dir/CheckFunctionExists.c.o   -c /usr/share/cmake-2.8/Modules/CheckFunctionExists.c
Linking C executable cmTryCompileExec3824175732
/usr/bin/cmake -E cmake_link_script CMakeFiles/cmTryCompileExec3824175732.dir/link.txt --verbose=1
/usr/bin/cc   -DCHECK_FUNCTION_EXISTS=glXGetProcAddressEXT    CMakeFiles/cmTryCompileExec3824175732.dir/CheckFunctionExists.c.o  -o cmTryCompileExec3824175732 -rdynamic -lGL 
CMakeFiles/cmTryCompileExec3824175732.dir/CheckFunctionExists.c.o: In function `main':
CheckFunctionExists.c:(.text+0x15): undefined reference to `glXGetProcAddressEXT'
collect2: error: ld returned 1 exit status
make[1]: *** [cmTryCompileExec3824175732] Error 1
make[1]: Leaving directory `/u4/l236wang/cs488/shared/glfw-3.1.1/build/CMakeFiles/CMakeTmp'
make: *** [cmTryCompileExec3824175732/fast] Error 2


